<?xml version="1.0" encoding="UTF-8"?>
<testsuite xmlns:xsi="http://www.w3.org/2001/XMLSchema-instance" xsi:noNamespaceSchemaLocation="https://maven.apache.org/surefire/maven-surefire-plugin/xsd/surefire-test-report.xsd" name="ie.ucd.employeeservice.service.impl.EmployeeServiceImplTest" time="10.913" tests="2" errors="0" skipped="0" failures="0">
  <properties>
[...]
</properties>
  <testcase name="saveEmployee" classname="ie.ucd.employeeservice.service.impl.EmployeeServiceImplTest" time="0.01"/>
  <testcase name="getEmployeeById" classname="ie.ucd.employeeservice.service.impl.EmployeeServiceImplTest" time="1.036"/>
</testsuite>